<?xml version="1.0" encoding="UTF-8"?>
<!-- Generated by org.testng.reporters.JUnitXMLReporter -->
<testsuite hostname="DESKTOP-5LEOOHR" ignored="0" name="Test" tests="3" failures="0" timestamp="15 Jul 2020 14:11:45 GMT" time="10.015" errors="0">
  <testcase name="@BeforeMethod Method" time="0.004" classname="config.StartBrowser">
    <failure type="java.lang.NullPointerException">
      <![CDATA[java.lang.NullPointerException
at config.StartBrowser.Method(StartBrowser.java:42)
... Removed 28 stack frames]]>
    </failure>
  </testcase> <!-- @BeforeMethod Method -->
  <testcase name="@BeforeMethod Method" time="0.0" classname="config.StartBrowser">
    <skipped/>
  </testcase> <!-- @BeforeMethod Method -->
  <testcase name="@BeforeMethod Method" time="0.0" classname="config.StartBrowser">
    <skipped/>
  </testcase> <!-- @BeforeMethod Method -->
  <testcase name="@AfterClass afterClass" time="0.0" classname="config.StartBrowser">
    <skipped/>
  </testcase> <!-- @AfterClass afterClass -->
  <testcase name="launch" time="0.0" classname="config.StartBrowser">
    <skipped/>
  </testcase> <!-- launch -->
  <testcase name="Delete" time="0.0" classname="Script.TestCase1">
    <skipped/>
  </testcase> <!-- Delete -->
  <testcase name="Login_logout" time="0.0" classname="Script.TestCase1">
    <skipped/>
  </testcase> <!-- Login_logout -->
</testsuite> <!-- Test -->
